mode: set
PR_service/internal/api/handlers.go:15.50,17.2 1 0
PR_service/internal/api/handlers.go:19.67,21.27 2 0
PR_service/internal/api/handlers.go:21.27,23.3 1 0
PR_service/internal/api/handlers.go:25.2,27.19 1 0
PR_service/internal/api/handlers.go:27.19,30.3 2 0
PR_service/internal/api/handlers.go:32.2,32.59 1 0
PR_service/internal/api/handlers.go:32.59,35.3 2 0
PR_service/internal/api/handlers.go:37.2,37.53 1 0
PR_service/internal/api/handlers.go:40.67,42.20 2 0
PR_service/internal/api/handlers.go:42.20,45.3 2 0
PR_service/internal/api/handlers.go:47.2,48.16 2 0
PR_service/internal/api/handlers.go:48.16,51.3 2 0
PR_service/internal/api/handlers.go:53.2,53.67 1 0
PR_service/internal/api/handlers.go:56.71,58.29 2 0
PR_service/internal/api/handlers.go:58.29,60.3 1 0
PR_service/internal/api/handlers.go:62.2,64.19 1 0
PR_service/internal/api/handlers.go:64.19,67.3 2 0
PR_service/internal/api/handlers.go:69.2,69.83 1 0
PR_service/internal/api/handlers.go:69.83,72.3 2 0
PR_service/internal/api/handlers.go:74.2,74.48 1 0
PR_service/internal/api/handlers.go:77.68,79.29 2 0
PR_service/internal/api/handlers.go:79.29,81.3 1 0
PR_service/internal/api/handlers.go:83.2,87.19 1 0
PR_service/internal/api/handlers.go:87.19,90.3 2 0
PR_service/internal/api/handlers.go:92.2,93.16 2 0
PR_service/internal/api/handlers.go:93.16,96.3 2 0
PR_service/internal/api/handlers.go:98.2,98.75 1 0
PR_service/internal/api/handlers.go:101.67,106.29 2 0
PR_service/internal/api/handlers.go:106.29,108.3 1 0
PR_service/internal/api/handlers.go:110.2,110.29 1 0
PR_service/internal/api/handlers.go:110.29,113.3 2 0
PR_service/internal/api/handlers.go:115.2,116.16 2 0
PR_service/internal/api/handlers.go:116.16,119.3 2 0
PR_service/internal/api/handlers.go:121.2,121.69 1 0
PR_service/internal/api/handlers.go:124.76,130.29 2 0
PR_service/internal/api/handlers.go:130.29,132.3 1 0
PR_service/internal/api/handlers.go:134.2,137.19 1 0
PR_service/internal/api/handlers.go:137.19,140.3 2 0
PR_service/internal/api/handlers.go:142.2,143.16 2 0
PR_service/internal/api/handlers.go:143.16,146.3 2 0
PR_service/internal/api/handlers.go:148.2,151.4 1 0
PR_service/internal/api/handlers.go:154.73,156.15 2 0
PR_service/internal/api/handlers.go:156.15,159.3 2 0
PR_service/internal/api/handlers.go:161.2,162.16 2 0
PR_service/internal/api/handlers.go:162.16,166.3 3 0
PR_service/internal/api/handlers.go:168.2,171.4 1 0
PR_service/internal/api/handlers.go:175.92,178.21 2 0
PR_service/internal/api/handlers.go:180.63,181.50 1 0
PR_service/internal/api/handlers.go:182.10,183.61 1 0
PR_service/internal/api/handlers.go:187.73,190.21 2 0
PR_service/internal/api/handlers.go:191.27,192.61 1 0
PR_service/internal/api/handlers.go:193.55,194.50 1 0
PR_service/internal/api/handlers.go:195.10,196.61 1 0
PR_service/internal/api/handlers.go:200.73,203.21 2 0
PR_service/internal/api/handlers.go:204.96,206.50 1 0
PR_service/internal/api/handlers.go:208.45,209.50 1 0
PR_service/internal/api/handlers.go:210.10,211.61 1 0
PR_service/internal/api/middleware.go:12.56,13.71 1 0
PR_service/internal/api/middleware.go:13.71,25.13 5 0
PR_service/internal/api/middleware.go:25.13,28.4 2 0
PR_service/internal/api/middleware.go:30.3,30.10 1 0
PR_service/internal/api/middleware.go:31.21,34.10 2 0
PR_service/internal/api/middleware.go:35.15,36.10 1 0
PR_service/internal/api/utils.go:10.73,14.17 3 0
PR_service/internal/api/utils.go:14.17,15.57 1 0
PR_service/internal/api/utils.go:15.57,17.4 1 0
PR_service/internal/api/utils.go:22.72,24.2 1 0
PR_service/internal/api/utils.go:27.74,29.2 1 0
PR_service/internal/api/utils.go:32.88,33.58 1 0
PR_service/internal/api/utils.go:33.58,36.3 2 0
PR_service/internal/api/utils.go:37.2,37.13 1 0
PR_service/internal/api/utils.go:41.62,42.35 1 1
PR_service/internal/api/utils.go:42.35,43.18 1 1
PR_service/internal/api/utils.go:43.18,45.4 1 1
PR_service/internal/api/utils.go:47.2,47.11 1 1
PR_service/internal/storage/storage.go:18.42,21.2 2 0
PR_service/internal/storage/storage.go:23.40,60.2 3 0
PR_service/internal/storage/storage.go:63.76,65.16 2 0
PR_service/internal/storage/storage.go:65.16,67.3 1 0
PR_service/internal/storage/storage.go:70.2,73.137 2 0
PR_service/internal/storage/storage.go:73.137,75.3 1 0
PR_service/internal/storage/storage.go:78.2,78.30 1 0
PR_service/internal/storage/storage.go:78.30,80.213 1 0
PR_service/internal/storage/storage.go:80.213,82.4 1 0
PR_service/internal/storage/storage.go:84.3,84.154 1 0
PR_service/internal/storage/storage.go:84.154,86.4 1 0
PR_service/internal/storage/storage.go:88.2,88.20 1 0
PR_service/internal/storage/storage.go:91.92,94.2 2 0
PR_service/internal/storage/storage.go:96.109,98.16 2 0
PR_service/internal/storage/storage.go:98.16,100.3 1 0
PR_service/internal/storage/storage.go:101.2,107.16 4 0
PR_service/internal/storage/storage.go:107.16,109.3 1 0
PR_service/internal/storage/storage.go:110.2,110.19 1 0
PR_service/internal/storage/storage.go:110.19,112.3 1 0
PR_service/internal/storage/storage.go:115.2,118.16 3 0
PR_service/internal/storage/storage.go:118.16,119.27 1 0
PR_service/internal/storage/storage.go:119.27,121.4 1 0
PR_service/internal/storage/storage.go:122.3,122.18 1 0
PR_service/internal/storage/storage.go:126.2,129.16 3 0
PR_service/internal/storage/storage.go:129.16,131.3 1 0
PR_service/internal/storage/storage.go:132.2,132.14 1 0
PR_service/internal/storage/storage.go:132.14,134.3 1 0
PR_service/internal/storage/storage.go:137.2,139.66 1 0
PR_service/internal/storage/storage.go:139.66,141.3 1 0
PR_service/internal/storage/storage.go:144.2,150.16 2 0
PR_service/internal/storage/storage.go:150.16,152.3 1 0
PR_service/internal/storage/storage.go:153.2,156.18 3 0
PR_service/internal/storage/storage.go:156.18,158.41 2 0
PR_service/internal/storage/storage.go:158.41,160.4 1 0
PR_service/internal/storage/storage.go:161.3,161.39 1 0
PR_service/internal/storage/storage.go:163.2,163.35 1 0
PR_service/internal/storage/storage.go:163.35,165.3 1 0
PR_service/internal/storage/storage.go:168.2,171.29 3 0
PR_service/internal/storage/storage.go:171.29,174.37 1 0
PR_service/internal/storage/storage.go:174.37,176.4 1 0
PR_service/internal/storage/storage.go:177.3,177.35 1 0
PR_service/internal/storage/storage.go:181.2,181.36 1 0
PR_service/internal/storage/storage.go:181.36,183.3 1 0
PR_service/internal/storage/storage.go:186.2,194.23 2 0
PR_service/internal/storage/storage.go:199.55,201.26 1 1
PR_service/internal/storage/storage.go:201.26,203.3 1 1
PR_service/internal/storage/storage.go:205.2,205.19 1 1
PR_service/internal/storage/storage.go:205.19,209.3 3 1
PR_service/internal/storage/storage.go:212.2,214.36 3 1
PR_service/internal/storage/storage.go:214.36,217.3 2 1
PR_service/internal/storage/storage.go:218.2,218.16 1 1
PR_service/internal/storage/storage.go:221.94,223.16 2 0
PR_service/internal/storage/storage.go:223.16,225.3 1 0
PR_service/internal/storage/storage.go:226.2,234.16 4 0
PR_service/internal/storage/storage.go:234.16,235.27 1 0
PR_service/internal/storage/storage.go:235.27,237.4 1 0
PR_service/internal/storage/storage.go:238.3,238.18 1 0
PR_service/internal/storage/storage.go:242.2,242.27 1 0
PR_service/internal/storage/storage.go:242.27,245.17 2 0
PR_service/internal/storage/storage.go:245.17,247.4 1 0
PR_service/internal/storage/storage.go:248.3,249.26 2 0
PR_service/internal/storage/storage.go:253.2,257.16 2 0
PR_service/internal/storage/storage.go:257.16,259.3 1 0
PR_service/internal/storage/storage.go:262.2,263.16 2 0
PR_service/internal/storage/storage.go:263.16,265.3 1 0
PR_service/internal/storage/storage.go:266.2,269.36 3 0
PR_service/internal/storage/storage.go:269.36,271.3 1 0
PR_service/internal/storage/storage.go:273.2,273.17 1 0
PR_service/internal/storage/storage.go:277.105,281.16 2 0
PR_service/internal/storage/storage.go:281.16,283.3 1 0
PR_service/internal/storage/storage.go:284.2,287.18 3 0
PR_service/internal/storage/storage.go:287.18,289.44 2 0
PR_service/internal/storage/storage.go:289.44,291.4 1 0
PR_service/internal/storage/storage.go:292.3,292.40 1 0
PR_service/internal/storage/storage.go:294.2,294.30 1 0
PR_service/internal/storage/storage.go:298.133,300.16 2 0
PR_service/internal/storage/storage.go:300.16,302.3 1 0
PR_service/internal/storage/storage.go:303.2,312.16 5 0
PR_service/internal/storage/storage.go:312.16,313.27 1 0
PR_service/internal/storage/storage.go:313.27,315.4 1 0
PR_service/internal/storage/storage.go:316.3,316.22 1 0
PR_service/internal/storage/storage.go:320.2,320.27 1 0
PR_service/internal/storage/storage.go:320.27,322.3 1 0
PR_service/internal/storage/storage.go:325.2,329.16 3 0
PR_service/internal/storage/storage.go:329.16,331.3 1 0
PR_service/internal/storage/storage.go:332.2,332.17 1 0
PR_service/internal/storage/storage.go:332.17,334.3 1 0
PR_service/internal/storage/storage.go:337.2,341.16 3 0
PR_service/internal/storage/storage.go:341.16,343.3 1 0
PR_service/internal/storage/storage.go:344.2,344.17 1 0
PR_service/internal/storage/storage.go:344.17,346.3 1 0
PR_service/internal/storage/storage.go:349.2,353.16 3 0
PR_service/internal/storage/storage.go:353.16,354.27 1 0
PR_service/internal/storage/storage.go:354.27,356.4 1 0
PR_service/internal/storage/storage.go:357.3,357.22 1 0
PR_service/internal/storage/storage.go:361.2,371.16 2 0
PR_service/internal/storage/storage.go:371.16,373.3 1 0
PR_service/internal/storage/storage.go:374.2,377.18 3 0
PR_service/internal/storage/storage.go:377.18,379.41 2 0
PR_service/internal/storage/storage.go:379.41,381.4 1 0
PR_service/internal/storage/storage.go:382.3,382.39 1 0
PR_service/internal/storage/storage.go:384.2,384.35 1 0
PR_service/internal/storage/storage.go:384.35,386.3 1 0
PR_service/internal/storage/storage.go:389.2,392.16 2 0
PR_service/internal/storage/storage.go:392.16,394.3 1 0
PR_service/internal/storage/storage.go:396.2,399.25 2 0
PR_service/internal/storage/storage.go:399.25,406.17 4 0
PR_service/internal/storage/storage.go:406.17,408.4 1 0
PR_service/internal/storage/storage.go:409.3,409.21 1 0
PR_service/internal/storage/storage.go:410.8,413.3 1 0
PR_service/internal/storage/storage.go:416.2,417.16 2 0
PR_service/internal/storage/storage.go:417.16,419.3 1 0
PR_service/internal/storage/storage.go:420.2,423.36 3 0
PR_service/internal/storage/storage.go:423.36,425.3 1 0
PR_service/internal/storage/storage.go:427.2,427.29 1 0
PR_service/internal/storage/storage.go:431.103,436.16 2 0
PR_service/internal/storage/storage.go:436.16,438.3 1 0
PR_service/internal/storage/storage.go:439.2,441.18 3 0
PR_service/internal/storage/storage.go:441.18,443.101 2 0
PR_service/internal/storage/storage.go:443.101,445.4 1 0
PR_service/internal/storage/storage.go:447.3,448.17 2 0
PR_service/internal/storage/storage.go:448.17,450.4 1 0
PR_service/internal/storage/storage.go:451.3,452.20 2 0
PR_service/internal/storage/storage.go:452.20,454.43 2 0
PR_service/internal/storage/storage.go:454.43,457.5 2 0
PR_service/internal/storage/storage.go:458.4,458.28 1 0
PR_service/internal/storage/storage.go:460.3,462.24 3 0
PR_service/internal/storage/storage.go:464.2,464.35 1 0
PR_service/internal/storage/storage.go:464.35,466.3 1 0
PR_service/internal/storage/storage.go:467.2,467.17 1 0
PR_service/internal/storage/storage.go:471.91,473.16 2 0
PR_service/internal/storage/storage.go:473.16,475.3 1 0
PR_service/internal/storage/storage.go:476.2,482.16 4 0
PR_service/internal/storage/storage.go:482.16,484.3 1 0
PR_service/internal/storage/storage.go:485.2,485.13 1 0
PR_service/internal/storage/storage.go:485.13,487.3 1 0
PR_service/internal/storage/storage.go:490.2,496.16 2 0
PR_service/internal/storage/storage.go:496.16,498.3 1 0
PR_service/internal/storage/storage.go:499.2,502.18 3 0
PR_service/internal/storage/storage.go:502.18,504.81 2 0
PR_service/internal/storage/storage.go:504.81,506.4 1 0
PR_service/internal/storage/storage.go:507.3,507.34 1 0
PR_service/internal/storage/storage.go:510.2,510.35 1 0
PR_service/internal/storage/storage.go:510.35,512.3 1 0
PR_service/internal/storage/storage.go:514.2,514.36 1 0
PR_service/internal/storage/storage.go:514.36,516.3 1 0
PR_service/internal/storage/storage.go:518.2,523.18 2 0
PR_service/internal/storage/storage.go:526.48,528.2 1 1
PR_service/internal/storage/test_table.go:19.29,31.2 1 0
